# JRE version: OpenJDK Runtime Environment Temurin-17.0.10+7 (17.0.10+7) (build 17.0.10+7)
# Java VM: OpenJDK 64-Bit Server VM Temurin-17.0.10+7 (17.0.10+7, mixed mode, tiered, compressed oops, compressed class ptrs, parallel gc, windows-amd64)
GC Precious Log:
 CPUs: 8 total, 8 available
 Memory: 7886M
 Large Page Support: Disabled
 NUMA Support: Disabled
 Compressed Oops: Enabled (32-bit)
 Alignments: Space 512K, Generation 512K, Heap 2M
 Heap Min Capacity: 100M
 Heap Initial Capacity: 100M
 Heap Max Capacity: 1G
 Pre-touch: Disabled
 Parallel Workers: 8
Heap:
 PSYoungGen      total 11264K, used 4950K [0x00000000eab00000, 0x00000000eb900000, 0x0000000100000000)
  eden space 8192K, 22% used [0x00000000eab00000,0x00000000eacd6558,0x00000000eb300000)
  from space 3072K, 99% used [0x00000000eb300000,0x00000000eb5ff508,0x00000000eb600000)
  to   space 2048K, 0% used [0x00000000eb700000,0x00000000eb700000,0x00000000eb900000)
 ParOldGen       total 94720K, used 75823K [0x00000000c0000000, 0x00000000c5c80000, 0x00000000eab00000)
  object space 94720K, 80% used [0x00000000c0000000,0x00000000c4a0bea0,0x00000000c5c80000)
 Metaspace       used 63090K, committed 64192K, reserved 1114112K
  class space    used 7252K, committed 7744K, reserved 1048576K
GC Heap History (20 events):
Event: 50.203 GC heap before
{Heap before GC invocations=49 (full 3):
 PSYoungGen      total 10240K, used 9836K [0x00000000eab00000, 0x00000000eb800000, 0x0000000100000000)
  eden space 8192K, 99% used [0x00000000eab00000,0x00000000eb2fcc38,0x00000000eb300000)
  from space 2048K, 80% used [0x00000000eb300000,0x00000000eb49e4e0,0x00000000eb500000)
  to   space 2560K, 0% used [0x00000000eb580000,0x00000000eb580000,0x00000000eb800000)
 ParOldGen       total 68608K, used 64077K [0x00000000c0000000, 0x00000000c4300000, 0x00000000eab00000)
  object space 68608K, 93% used [0x00000000c0000000,0x00000000c3e93568,0x00000000c4300000)
 Metaspace       used 62286K, committed 63360K, reserved 1114112K
  class space    used 7135K, committed 7616K, reserved 1048576K
}
Event: 50.207 GC heap after
{Heap after GC invocations=49 (full 3):
 PSYoungGen      total 9728K, used 1222K [0x00000000eab00000, 0x00000000eb700000, 0x0000000100000000)
  eden space 8192K, 0% used [0x00000000eab00000,0x00000000eab00000,0x00000000eb300000)
  from space 1536K, 79% used [0x00000000eb580000,0x00000000eb6b1a50,0x00000000eb700000)
  to   space 1536K, 0% used [0x00000000eb400000,0x00000000eb400000,0x00000000eb580000)
 ParOldGen       total 68608K, used 65640K [0x00000000c0000000, 0x00000000c4300000, 0x00000000eab00000)
  object space 68608K, 95% used [0x00000000c0000000,0x00000000c401a278,0x00000000c4300000)
 Metaspace       used 62286K, committed 63360K, reserved 1114112K
  class space    used 7135K, committed 7616K, reserved 1048576K
}
Event: 50.815 GC heap before
{Heap before GC invocations=50 (full 3):
 PSYoungGen      total 9728K, used 9414K [0x00000000eab00000, 0x00000000eb700000, 0x0000000100000000)
  eden space 8192K, 100% used [0x00000000eab00000,0x00000000eb300000,0x00000000eb300000)
  from space 1536K, 79% used [0x00000000eb580000,0x00000000eb6b1a50,0x00000000eb700000)
  to   space 1536K, 0% used [0x00000000eb400000,0x00000000eb400000,0x00000000eb580000)
 ParOldGen       total 68608K, used 65640K [0x00000000c0000000, 0x00000000c4300000, 0x00000000eab00000)
  object space 68608K, 95% used [0x00000000c0000000,0x00000000c401a278,0x00000000c4300000)
 Metaspace       used 62507K, committed 63616K, reserved 1114112K
  class space    used 7173K, committed 7680K, reserved 1048576K
}
Event: 50.818 GC heap after
{Heap after GC invocations=50 (full 3):
 PSYoungGen      total 9728K, used 1526K [0x00000000eab00000, 0x00000000eb900000, 0x0000000100000000)
  eden space 8192K, 0% used [0x00000000eab00000,0x00000000eab00000,0x00000000eb300000)
  from space 1536K, 99% used [0x00000000eb400000,0x00000000eb57da50,0x00000000eb580000)
  to   space 3072K, 0% used [0x00000000eb600000,0x00000000eb600000,0x00000000eb900000)
 ParOldGen       total 68608K, used 66753K [0x00000000c0000000, 0x00000000c4300000, 0x00000000eab00000)
  object space 68608K, 97% used [0x00000000c0000000,0x00000000c4130440,0x00000000c4300000)
 Metaspace       used 62507K, committed 63616K, reserved 1114112K
  class space    used 7173K, committed 7680K, reserved 1048576K
}
Event: 51.253 GC heap before
{Heap before GC invocations=51 (full 3):
 PSYoungGen      total 9728K, used 9718K [0x00000000eab00000, 0x00000000eb900000, 0x0000000100000000)
  eden space 8192K, 99% used [0x00000000eab00000,0x00000000eb2ffff0,0x00000000eb300000)
  from space 1536K, 99% used [0x00000000eb400000,0x00000000eb57da50,0x00000000eb580000)
  to   space 3072K, 0% used [0x00000000eb600000,0x00000000eb600000,0x00000000eb900000)
 ParOldGen       total 68608K, used 66753K [0x00000000c0000000, 0x00000000c4300000, 0x00000000eab00000)
  object space 68608K, 97% used [0x00000000c0000000,0x00000000c4130440,0x00000000c4300000)
 Metaspace       used 62901K, committed 63936K, reserved 1114112K
  class space    used 7229K, committed 7680K, reserved 1048576K
}
Event: 51.257 GC heap after
{Heap after GC invocations=51 (full 3):
 PSYoungGen      total 9728K, used 1507K [0x00000000eab00000, 0x00000000eb780000, 0x0000000100000000)
  eden space 8192K, 0% used [0x00000000eab00000,0x00000000eab00000,0x00000000eb300000)
  from space 1536K, 98% used [0x00000000eb600000,0x00000000eb778c00,0x00000000eb780000)
  to   space 2048K, 0% used [0x00000000eb380000,0x00000000eb380000,0x00000000eb580000)
 ParOldGen       total 68608K, used 68194K [0x00000000c0000000, 0x00000000c4300000, 0x00000000eab00000)
  object space 68608K, 99% used [0x00000000c0000000,0x00000000c4298a90,0x00000000c4300000)
 Metaspace       used 62901K, committed 63936K, reserved 1114112K
  class space    used 7229K, committed 7680K, reserved 1048576K
}
Event: 51.258 GC heap before
{Heap before GC invocations=52 (full 4):
 PSYoungGen      total 9728K, used 1507K [0x00000000eab00000, 0x00000000eb780000, 0x0000000100000000)
  eden space 8192K, 0% used [0x00000000eab00000,0x00000000eab00000,0x00000000eb300000)
  from space 1536K, 98% used [0x00000000eb600000,0x00000000eb778c00,0x00000000eb780000)
  to   space 2048K, 0% used [0x00000000eb380000,0x00000000eb380000,0x00000000eb580000)
 ParOldGen       total 68608K, used 68194K [0x00000000c0000000, 0x00000000c4300000, 0x00000000eab00000)
  object space 68608K, 99% used [0x00000000c0000000,0x00000000c4298a90,0x00000000c4300000)
 Metaspace       used 62901K, committed 63936K, reserved 1114112K
  class space    used 7229K, committed 7680K, reserved 1048576K
}
Event: 51.368 GC heap after
{Heap after GC invocations=52 (full 4):
 PSYoungGen      total 8704K, used 0K [0x00000000eab00000, 0x00000000eb700000, 0x0000000100000000)
  eden space 8192K, 0% used [0x00000000eab00000,0x00000000eab00000,0x00000000eb300000)
  from space 512K, 0% used [0x00000000eb380000,0x00000000eb380000,0x00000000eb400000)
  to   space 2048K, 0% used [0x00000000eb500000,0x00000000eb500000,0x00000000eb700000)
 ParOldGen       total 94720K, used 67971K [0x00000000c0000000, 0x00000000c5c80000, 0x00000000eab00000)
  object space 94720K, 71% used [0x00000000c0000000,0x00000000c4260f80,0x00000000c5c80000)
 Metaspace       used 62901K, committed 63936K, reserved 1114112K
  class space    used 7229K, committed 7680K, reserved 1048576K
}
Event: 51.935 GC heap before
{Heap before GC invocations=53 (full 4):
 PSYoungGen      total 8704K, used 8192K [0x00000000eab00000, 0x00000000eb700000, 0x0000000100000000)
  eden space 8192K, 100% used [0x00000000eab00000,0x00000000eb300000,0x00000000eb300000)
  from space 512K, 0% used [0x00000000eb380000,0x00000000eb380000,0x00000000eb400000)
  to   space 2048K, 0% used [0x00000000eb500000,0x00000000eb500000,0x00000000eb700000)
 ParOldGen       total 94720K, used 67971K [0x00000000c0000000, 0x00000000c5c80000, 0x00000000eab00000)
  object space 94720K, 71% used [0x00000000c0000000,0x00000000c4260f80,0x00000000c5c80000)
 Metaspace       used 62926K, committed 63936K, reserved 1114112K
  class space    used 7234K, committed 7680K, reserved 1048576K
}
Event: 51.936 GC heap after
{Heap after GC invocations=53 (full 4):
 PSYoungGen      total 10240K, used 1599K [0x00000000eab00000, 0x00000000eb700000, 0x0000000100000000)
  eden space 8192K, 0% used [0x00000000eab00000,0x00000000eab00000,0x00000000eb300000)
  from space 2048K, 78% used [0x00000000eb500000,0x00000000eb68fcf0,0x00000000eb700000)
  to   space 2048K, 0% used [0x00000000eb300000,0x00000000eb300000,0x00000000eb500000)
 ParOldGen       total 94720K, used 67979K [0x00000000c0000000, 0x00000000c5c80000, 0x00000000eab00000)
  object space 94720K, 71% used [0x00000000c0000000,0x00000000c4262f80,0x00000000c5c80000)
 Metaspace       used 62926K, committed 63936K, reserved 1114112K
  class space    used 7234K, committed 7680K, reserved 1048576K
}
Event: 52.617 GC heap before
{Heap before GC invocations=54 (full 4):
 PSYoungGen      total 10240K, used 9791K [0x00000000eab00000, 0x00000000eb700000, 0x0000000100000000)
  eden space 8192K, 100% used [0x00000000eab00000,0x00000000eb300000,0x00000000eb300000)
  from space 2048K, 78% used [0x00000000eb500000,0x00000000eb68fcf0,0x00000000eb700000)
  to   space 2048K, 0% used [0x00000000eb300000,0x00000000eb300000,0x00000000eb500000)
 ParOldGen       total 94720K, used 67979K [0x00000000c0000000, 0x00000000c5c80000, 0x00000000eab00000)
  object space 94720K, 71% used [0x00000000c0000000,0x00000000c4262f80,0x00000000c5c80000)
 Metaspace       used 63082K, committed 64192K, reserved 1114112K
  class space    used 7252K, committed 7744K, reserved 1048576K
}
Event: 52.620 GC heap after
{Heap after GC invocations=54 (full 4):
 PSYoungGen      total 10240K, used 2041K [0x00000000eab00000, 0x00000000eba00000, 0x0000000100000000)
  eden space 8192K, 0% used [0x00000000eab00000,0x00000000eab00000,0x00000000eb300000)
  from space 2048K, 99% used [0x00000000eb300000,0x00000000eb4fe680,0x00000000eb500000)
  to   space 3584K, 0% used [0x00000000eb680000,0x00000000eb680000,0x00000000eba00000)
 ParOldGen       total 94720K, used 68890K [0x00000000c0000000, 0x00000000c5c80000, 0x00000000eab00000)
  object space 94720K, 72% used [0x00000000c0000000,0x00000000c4346ad0,0x00000000c5c80000)
 Metaspace       used 63082K, committed 64192K, reserved 1114112K
  class space    used 7252K, committed 7744K, reserved 1048576K
}
Event: 52.886 GC heap before
{Heap before GC invocations=55 (full 4):
 PSYoungGen      total 10240K, used 10233K [0x00000000eab00000, 0x00000000eba00000, 0x0000000100000000)
  eden space 8192K, 100% used [0x00000000eab00000,0x00000000eb300000,0x00000000eb300000)
  from space 2048K, 99% used [0x00000000eb300000,0x00000000eb4fe680,0x00000000eb500000)
  to   space 3584K, 0% used [0x00000000eb680000,0x00000000eb680000,0x00000000eba00000)
 ParOldGen       total 94720K, used 68890K [0x00000000c0000000, 0x00000000c5c80000, 0x00000000eab00000)
  object space 94720K, 72% used [0x00000000c0000000,0x00000000c4346ad0,0x00000000c5c80000)
 Metaspace       used 63082K, committed 64192K, reserved 1114112K
  class space    used 7252K, committed 7744K, reserved 1048576K
}
Event: 52.891 GC heap after
{Heap after GC invocations=55 (full 4):
 PSYoungGen      total 10752K, used 2073K [0x00000000eab00000, 0x00000000eb900000, 0x0000000100000000)
  eden space 8192K, 0% used [0x00000000eab00000,0x00000000eab00000,0x00000000eb300000)
  from space 2560K, 80% used [0x00000000eb680000,0x00000000eb886600,0x00000000eb900000)
  to   space 2560K, 0% used [0x00000000eb400000,0x00000000eb400000,0x00000000eb680000)
 ParOldGen       total 94720K, used 70873K [0x00000000c0000000, 0x00000000c5c80000, 0x00000000eab00000)
  object space 94720K, 74% used [0x00000000c0000000,0x00000000c4536748,0x00000000c5c80000)
 Metaspace       used 63082K, committed 64192K, reserved 1114112K
  class space    used 7252K, committed 7744K, reserved 1048576K
}
Event: 53.631 GC heap before
{Heap before GC invocations=56 (full 4):
 PSYoungGen      total 10752K, used 10265K [0x00000000eab00000, 0x00000000eb900000, 0x0000000100000000)
  eden space 8192K, 100% used [0x00000000eab00000,0x00000000eb300000,0x00000000eb300000)
  from space 2560K, 80% used [0x00000000eb680000,0x00000000eb886600,0x00000000eb900000)
  to   space 2560K, 0% used [0x00000000eb400000,0x00000000eb400000,0x00000000eb680000)
 ParOldGen       total 94720K, used 70873K [0x00000000c0000000, 0x00000000c5c80000, 0x00000000eab00000)
  object space 94720K, 74% used [0x00000000c0000000,0x00000000c4536748,0x00000000c5c80000)
 Metaspace       used 63082K, committed 64192K, reserved 1114112K
  class space    used 7252K, committed 7744K, reserved 1048576K
}
Event: 53.636 GC heap after
{Heap after GC invocations=56 (full 4):
 PSYoungGen      total 10752K, used 2530K [0x00000000eab00000, 0x00000000ebb00000, 0x0000000100000000)
  eden space 8192K, 0% used [0x00000000eab00000,0x00000000eab00000,0x00000000eb300000)
  from space 2560K, 98% used [0x00000000eb400000,0x00000000eb6789a0,0x00000000eb680000)
  to   space 4096K, 0% used [0x00000000eb700000,0x00000000eb700000,0x00000000ebb00000)
 ParOldGen       total 94720K, used 72041K [0x00000000c0000000, 0x00000000c5c80000, 0x00000000eab00000)
  object space 94720K, 76% used [0x00000000c0000000,0x00000000c465a698,0x00000000c5c80000)
 Metaspace       used 63082K, committed 64192K, reserved 1114112K
  class space    used 7252K, committed 7744K, reserved 1048576K
}
Event: 54.575 GC heap before
{Heap before GC invocations=57 (full 4):
 PSYoungGen      total 10752K, used 10722K [0x00000000eab00000, 0x00000000ebb00000, 0x0000000100000000)
  eden space 8192K, 100% used [0x00000000eab00000,0x00000000eb300000,0x00000000eb300000)
  from space 2560K, 98% used [0x00000000eb400000,0x00000000eb6789a0,0x00000000eb680000)
  to   space 4096K, 0% used [0x00000000eb700000,0x00000000eb700000,0x00000000ebb00000)
 ParOldGen       total 94720K, used 72041K [0x00000000c0000000, 0x00000000c5c80000, 0x00000000eab00000)
  object space 94720K, 76% used [0x00000000c0000000,0x00000000c465a698,0x00000000c5c80000)
 Metaspace       used 63086K, committed 64192K, reserved 1114112K
  class space    used 7252K, committed 7744K, reserved 1048576K
}
Event: 54.578 GC heap after
{Heap after GC invocations=57 (full 4):
 PSYoungGen      total 10240K, used 1930K [0x00000000eab00000, 0x00000000eb900000, 0x0000000100000000)
  eden space 8192K, 0% used [0x00000000eab00000,0x00000000eab00000,0x00000000eb300000)
  from space 2048K, 94% used [0x00000000eb700000,0x00000000eb8e2af8,0x00000000eb900000)
  to   space 3072K, 0% used [0x00000000eb300000,0x00000000eb300000,0x00000000eb600000)
 ParOldGen       total 94720K, used 74560K [0x00000000c0000000, 0x00000000c5c80000, 0x00000000eab00000)
  object space 94720K, 78% used [0x00000000c0000000,0x00000000c48d0088,0x00000000c5c80000)
 Metaspace       used 63086K, committed 64192K, reserved 1114112K
  class space    used 7252K, committed 7744K, reserved 1048576K
}
Event: 55.426 GC heap before
{Heap before GC invocations=58 (full 4):
 PSYoungGen      total 10240K, used 10122K [0x00000000eab00000, 0x00000000eb900000, 0x0000000100000000)
  eden space 8192K, 100% used [0x00000000eab00000,0x00000000eb300000,0x00000000eb300000)
  from space 2048K, 94% used [0x00000000eb700000,0x00000000eb8e2af8,0x00000000eb900000)
  to   space 3072K, 0% used [0x00000000eb300000,0x00000000eb300000,0x00000000eb600000)
 ParOldGen       total 94720K, used 74560K [0x00000000c0000000, 0x00000000c5c80000, 0x00000000eab00000)
  object space 94720K, 78% used [0x00000000c0000000,0x00000000c48d0088,0x00000000c5c80000)
 Metaspace       used 63090K, committed 64192K, reserved 1114112K
  class space    used 7252K, committed 7744K, reserved 1048576K
}
Event: 55.430 GC heap after
{Heap after GC invocations=58 (full 4):
 PSYoungGen      total 11264K, used 3069K [0x00000000eab00000, 0x00000000eb900000, 0x0000000100000000)
  eden space 8192K, 0% used [0x00000000eab00000,0x00000000eab00000,0x00000000eb300000)
  from space 3072K, 99% used [0x00000000eb300000,0x00000000eb5ff508,0x00000000eb600000)
  to   space 2048K, 0% used [0x00000000eb700000,0x00000000eb700000,0x00000000eb900000)
 ParOldGen       total 94720K, used 75823K [0x00000000c0000000, 0x00000000c5c80000, 0x00000000eab00000)
  object space 94720K, 80% used [0x00000000c0000000,0x00000000c4a0bea0,0x00000000c5c80000)
 Metaspace       used 63090K, committed 64192K, reserved 1114112K
  class space    used 7252K, committed 7744K, reserved 1048576K
}

