# JRE version: OpenJDK Runtime Environment Microsoft-8035246 (17.0.8+7) (build 17.0.8+7-LTS)
# Java VM: OpenJDK 64-Bit Server VM Microsoft-8035246 (17.0.8+7-LTS, mixed mode, sharing, tiered, compressed oops, compressed class ptrs, g1 gc, windows-amd64)
GC Precious Log:
 CPUs: 8 total, 8 available
 Memory: 7886M
 Large Page Support: Disabled
 NUMA Support: Disabled
 Compressed Oops: Enabled (32-bit)
 Heap Region Size: 1M
 Heap Min Capacity: 8M
 Heap Initial Capacity: 124M
 Heap Max Capacity: 2G
 Pre-touch: Disabled
 Parallel Workers: 8
 Concurrent Workers: 2
 Concurrent Refinement Workers: 8
 Periodic GC: Disabled
Heap:
 garbage-first heap   total 309248K, used 226269K [0x0000000080000000, 0x0000000100000000)
  region size 1024K, 112 young (114688K), 19 survivors (19456K)
 Metaspace       used 95578K, committed 96768K, reserved 557056K
  class space    used 13372K, committed 13888K, reserved 425984K
GC Heap History (20 events):
Event: 24.162 GC heap before
{Heap before GC invocations=40 (full 0):
 garbage-first heap   total 175104K, used 86056K [0x0000000080000000, 0x0000000100000000)
  region size 1024K, 8 young (8192K), 2 survivors (2048K)
 Metaspace       used 71720K, committed 72384K, reserved 491520K
  class space    used 9993K, committed 10304K, reserved 425984K
}
Event: 24.167 GC heap after
{Heap after GC invocations=41 (full 0):
 garbage-first heap   total 175104K, used 81634K [0x0000000080000000, 0x0000000100000000)
  region size 1024K, 1 young (1024K), 1 survivors (1024K)
 Metaspace       used 71720K, committed 72384K, reserved 491520K
  class space    used 9993K, committed 10304K, reserved 425984K
}
Event: 24.206 GC heap before
{Heap before GC invocations=41 (full 0):
 garbage-first heap   total 175104K, used 82658K [0x0000000080000000, 0x0000000100000000)
  region size 1024K, 3 young (3072K), 1 survivors (1024K)
 Metaspace       used 71780K, committed 72576K, reserved 491520K
  class space    used 9999K, committed 10368K, reserved 425984K
}
Event: 24.207 GC heap after
{Heap after GC invocations=42 (full 0):
 garbage-first heap   total 175104K, used 82028K [0x0000000080000000, 0x0000000100000000)
  region size 1024K, 2 young (2048K), 2 survivors (2048K)
 Metaspace       used 71780K, committed 72576K, reserved 491520K
  class space    used 9999K, committed 10368K, reserved 425984K
}
Event: 24.605 GC heap before
{Heap before GC invocations=43 (full 0):
 garbage-first heap   total 175104K, used 127084K [0x0000000080000000, 0x0000000100000000)
  region size 1024K, 40 young (40960K), 2 survivors (2048K)
 Metaspace       used 73661K, committed 74368K, reserved 491520K
  class space    used 10254K, committed 10560K, reserved 425984K
}
Event: 24.608 GC heap after
{Heap after GC invocations=44 (full 0):
 garbage-first heap   total 175104K, used 85239K [0x0000000080000000, 0x0000000100000000)
  region size 1024K, 5 young (5120K), 5 survivors (5120K)
 Metaspace       used 73661K, committed 74368K, reserved 491520K
  class space    used 10254K, committed 10560K, reserved 425984K
}
Event: 24.653 GC heap before
{Heap before GC invocations=44 (full 0):
 garbage-first heap   total 175104K, used 88311K [0x0000000080000000, 0x0000000100000000)
  region size 1024K, 8 young (8192K), 5 survivors (5120K)
 Metaspace       used 73880K, committed 74624K, reserved 491520K
  class space    used 10281K, committed 10624K, reserved 425984K
}
Event: 24.656 GC heap after
{Heap after GC invocations=45 (full 0):
 garbage-first heap   total 175104K, used 85663K [0x0000000080000000, 0x0000000100000000)
  region size 1024K, 1 young (1024K), 1 survivors (1024K)
 Metaspace       used 73880K, committed 74624K, reserved 491520K
  class space    used 10281K, committed 10624K, reserved 425984K
}
Event: 25.149 GC heap before
{Heap before GC invocations=45 (full 0):
 garbage-first heap   total 175104K, used 125599K [0x0000000080000000, 0x0000000100000000)
  region size 1024K, 40 young (40960K), 1 survivors (1024K)
 Metaspace       used 76861K, committed 77568K, reserved 557056K
  class space    used 10680K, committed 11008K, reserved 425984K
}
Event: 25.152 GC heap after
{Heap after GC invocations=46 (full 0):
 garbage-first heap   total 175104K, used 86818K [0x0000000080000000, 0x0000000100000000)
  region size 1024K, 2 young (2048K), 2 survivors (2048K)
 Metaspace       used 76861K, committed 77568K, reserved 557056K
  class space    used 10680K, committed 11008K, reserved 425984K
}
Event: 25.546 GC heap before
{Heap before GC invocations=47 (full 0):
 garbage-first heap   total 175104K, used 129826K [0x0000000080000000, 0x0000000100000000)
  region size 1024K, 44 young (45056K), 2 survivors (2048K)
 Metaspace       used 78048K, committed 78784K, reserved 557056K
  class space    used 10839K, committed 11200K, reserved 425984K
}
Event: 25.551 GC heap after
{Heap after GC invocations=48 (full 0):
 garbage-first heap   total 175104K, used 90090K [0x0000000080000000, 0x0000000100000000)
  region size 1024K, 5 young (5120K), 5 survivors (5120K)
 Metaspace       used 78048K, committed 78784K, reserved 557056K
  class space    used 10839K, committed 11200K, reserved 425984K
}
Event: 25.569 GC heap before
{Heap before GC invocations=48 (full 0):
 garbage-first heap   total 175104K, used 93162K [0x0000000080000000, 0x0000000100000000)
  region size 1024K, 8 young (8192K), 5 survivors (5120K)
 Metaspace       used 78054K, committed 78784K, reserved 557056K
  class space    used 10839K, committed 11200K, reserved 425984K
}
Event: 25.573 GC heap after
{Heap after GC invocations=49 (full 0):
 garbage-first heap   total 175104K, used 90039K [0x0000000080000000, 0x0000000100000000)
  region size 1024K, 1 young (1024K), 1 survivors (1024K)
 Metaspace       used 78054K, committed 78784K, reserved 557056K
  class space    used 10839K, committed 11200K, reserved 425984K
}
Event: 32.355 GC heap before
{Heap before GC invocations=49 (full 0):
 garbage-first heap   total 175104K, used 133047K [0x0000000080000000, 0x0000000100000000)
  region size 1024K, 43 young (44032K), 1 survivors (1024K)
 Metaspace       used 80272K, committed 81024K, reserved 557056K
  class space    used 11150K, committed 11520K, reserved 425984K
}
Event: 32.362 GC heap after
{Heap after GC invocations=50 (full 0):
 garbage-first heap   total 309248K, used 92436K [0x0000000080000000, 0x0000000100000000)
  region size 1024K, 3 young (3072K), 3 survivors (3072K)
 Metaspace       used 80272K, committed 81024K, reserved 557056K
  class space    used 11150K, committed 11520K, reserved 425984K
}
Event: 36.740 GC heap before
{Heap before GC invocations=50 (full 0):
 garbage-first heap   total 309248K, used 215316K [0x0000000080000000, 0x0000000100000000)
  region size 1024K, 122 young (124928K), 3 survivors (3072K)
 Metaspace       used 87574K, committed 88384K, reserved 557056K
  class space    used 12314K, committed 12672K, reserved 425984K
}
Event: 36.751 GC heap after
{Heap after GC invocations=51 (full 0):
 garbage-first heap   total 309248K, used 98677K [0x0000000080000000, 0x0000000100000000)
  region size 1024K, 9 young (9216K), 9 survivors (9216K)
 Metaspace       used 87574K, committed 88384K, reserved 557056K
  class space    used 12314K, committed 12672K, reserved 425984K
}
Event: 44.041 GC heap before
{Heap before GC invocations=51 (full 0):
 garbage-first heap   total 309248K, used 243061K [0x0000000080000000, 0x0000000100000000)
  region size 1024K, 147 young (150528K), 9 survivors (9216K)
 Metaspace       used 92592K, committed 93632K, reserved 557056K
  class space    used 12981K, committed 13504K, reserved 425984K
}
Event: 44.138 GC heap after
{Heap after GC invocations=52 (full 0):
 garbage-first heap   total 309248K, used 128989K [0x0000000080000000, 0x0000000100000000)
  region size 1024K, 19 young (19456K), 19 survivors (19456K)
 Metaspace       used 92592K, committed 93632K, reserved 557056K
  class space    used 12981K, committed 13504K, reserved 425984K
}

