# JRE version: OpenJDK Runtime Environment Microsoft-8035246 (17.0.8+7) (build 17.0.8+7-LTS)
# Java VM: OpenJDK 64-Bit Server VM Microsoft-8035246 (17.0.8+7-LTS, mixed mode, sharing, tiered, compressed oops, compressed class ptrs, g1 gc, windows-amd64)
GC Precious Log:
 CPUs: 8 total, 8 available
 Memory: 7886M
 Large Page Support: Disabled
 NUMA Support: Disabled
 Compressed Oops: Enabled (32-bit)
 Heap Region Size: 1M
 Heap Min Capacity: 8M
 Heap Initial Capacity: 124M
 Heap Max Capacity: 2G
 Pre-touch: Disabled
 Parallel Workers: 8
 Concurrent Workers: 2
 Concurrent Refinement Workers: 8
 Periodic GC: Disabled
Heap:
 garbage-first heap   total 239616K, used 218977K [0x0000000080000000, 0x0000000100000000)
  region size 1024K, 10 young (10240K), 2 survivors (2048K)
 Metaspace       used 105404K, committed 106752K, reserved 557056K
  class space    used 14696K, committed 15296K, reserved 425984K
GC Heap History (20 events):
Event: 92.553 GC heap before
{Heap before GC invocations=73 (full 0):
 garbage-first heap   total 239616K, used 208646K [0x0000000080000000, 0x0000000100000000)
  region size 1024K, 13 young (13312K), 1 survivors (1024K)
 Metaspace       used 103675K, committed 105024K, reserved 557056K
  class space    used 14513K, committed 15104K, reserved 425984K
}
Event: 92.557 GC heap after
{Heap after GC invocations=74 (full 0):
 garbage-first heap   total 239616K, used 198207K [0x0000000080000000, 0x0000000100000000)
  region size 1024K, 2 young (2048K), 2 survivors (2048K)
 Metaspace       used 103675K, committed 105024K, reserved 557056K
  class space    used 14513K, committed 15104K, reserved 425984K
}
Event: 93.312 GC heap before
{Heap before GC invocations=74 (full 0):
 garbage-first heap   total 239616K, used 209471K [0x0000000080000000, 0x0000000100000000)
  region size 1024K, 13 young (13312K), 2 survivors (2048K)
 Metaspace       used 104414K, committed 105792K, reserved 557056K
  class space    used 14611K, committed 15232K, reserved 425984K
}
Event: 93.321 GC heap after
{Heap after GC invocations=75 (full 0):
 garbage-first heap   total 239616K, used 199330K [0x0000000080000000, 0x0000000100000000)
  region size 1024K, 2 young (2048K), 2 survivors (2048K)
 Metaspace       used 104414K, committed 105792K, reserved 557056K
  class space    used 14611K, committed 15232K, reserved 425984K
}
Event: 94.404 GC heap before
{Heap before GC invocations=75 (full 0):
 garbage-first heap   total 239616K, used 210594K [0x0000000080000000, 0x0000000100000000)
  region size 1024K, 13 young (13312K), 2 survivors (2048K)
 Metaspace       used 104477K, committed 105856K, reserved 557056K
  class space    used 14622K, committed 15232K, reserved 425984K
}
Event: 94.413 GC heap after
{Heap after GC invocations=76 (full 0):
 garbage-first heap   total 239616K, used 201352K [0x0000000080000000, 0x0000000100000000)
  region size 1024K, 2 young (2048K), 2 survivors (2048K)
 Metaspace       used 104477K, committed 105856K, reserved 557056K
  class space    used 14622K, committed 15232K, reserved 425984K
}
Event: 94.802 GC heap before
{Heap before GC invocations=76 (full 0):
 garbage-first heap   total 239616K, used 210568K [0x0000000080000000, 0x0000000100000000)
  region size 1024K, 11 young (11264K), 2 survivors (2048K)
 Metaspace       used 104656K, committed 106048K, reserved 557056K
  class space    used 14637K, committed 15296K, reserved 425984K
}
Event: 94.812 GC heap after
{Heap after GC invocations=77 (full 0):
 garbage-first heap   total 239616K, used 204874K [0x0000000080000000, 0x0000000100000000)
  region size 1024K, 2 young (2048K), 2 survivors (2048K)
 Metaspace       used 104656K, committed 106048K, reserved 557056K
  class space    used 14637K, committed 15296K, reserved 425984K
}
Event: 95.315 GC heap before
{Heap before GC invocations=77 (full 0):
 garbage-first heap   total 239616K, used 214090K [0x0000000080000000, 0x0000000100000000)
  region size 1024K, 11 young (11264K), 2 survivors (2048K)
 Metaspace       used 104903K, committed 106304K, reserved 557056K
  class space    used 14666K, committed 15296K, reserved 425984K
}
Event: 95.321 GC heap after
{Heap after GC invocations=78 (full 0):
 garbage-first heap   total 239616K, used 206810K [0x0000000080000000, 0x0000000100000000)
  region size 1024K, 2 young (2048K), 2 survivors (2048K)
 Metaspace       used 104903K, committed 106304K, reserved 557056K
  class space    used 14666K, committed 15296K, reserved 425984K
}
Event: 95.686 GC heap before
{Heap before GC invocations=78 (full 0):
 garbage-first heap   total 239616K, used 216026K [0x0000000080000000, 0x0000000100000000)
  region size 1024K, 11 young (11264K), 2 survivors (2048K)
 Metaspace       used 105096K, committed 106432K, reserved 557056K
  class space    used 14683K, committed 15296K, reserved 425984K
}
Event: 95.693 GC heap after
{Heap after GC invocations=79 (full 0):
 garbage-first heap   total 239616K, used 208246K [0x0000000080000000, 0x0000000100000000)
  region size 1024K, 2 young (2048K), 2 survivors (2048K)
 Metaspace       used 105096K, committed 106432K, reserved 557056K
  class space    used 14683K, committed 15296K, reserved 425984K
}
Event: 95.954 GC heap before
{Heap before GC invocations=79 (full 0):
 garbage-first heap   total 239616K, used 217462K [0x0000000080000000, 0x0000000100000000)
  region size 1024K, 11 young (11264K), 2 survivors (2048K)
 Metaspace       used 105244K, committed 106560K, reserved 557056K
  class space    used 14696K, committed 15296K, reserved 425984K
}
Event: 95.961 GC heap after
{Heap after GC invocations=80 (full 0):
 garbage-first heap   total 239616K, used 209264K [0x0000000080000000, 0x0000000100000000)
  region size 1024K, 1 young (1024K), 1 survivors (1024K)
 Metaspace       used 105244K, committed 106560K, reserved 557056K
  class space    used 14696K, committed 15296K, reserved 425984K
}
Event: 96.303 GC heap before
{Heap before GC invocations=80 (full 0):
 garbage-first heap   total 239616K, used 219504K [0x0000000080000000, 0x0000000100000000)
  region size 1024K, 11 young (11264K), 1 survivors (1024K)
 Metaspace       used 105309K, committed 106688K, reserved 557056K
  class space    used 14696K, committed 15296K, reserved 425984K
}
Event: 96.309 GC heap after
{Heap after GC invocations=81 (full 0):
 garbage-first heap   total 239616K, used 210257K [0x0000000080000000, 0x0000000100000000)
  region size 1024K, 2 young (2048K), 2 survivors (2048K)
 Metaspace       used 105309K, committed 106688K, reserved 557056K
  class space    used 14696K, committed 15296K, reserved 425984K
}
Event: 96.631 GC heap before
{Heap before GC invocations=81 (full 0):
 garbage-first heap   total 239616K, used 219473K [0x0000000080000000, 0x0000000100000000)
  region size 1024K, 11 young (11264K), 2 survivors (2048K)
 Metaspace       used 105347K, committed 106688K, reserved 557056K
  class space    used 14696K, committed 15296K, reserved 425984K
}
Event: 96.636 GC heap after
{Heap after GC invocations=82 (full 0):
 garbage-first heap   total 239616K, used 211013K [0x0000000080000000, 0x0000000100000000)
  region size 1024K, 2 young (2048K), 2 survivors (2048K)
 Metaspace       used 105347K, committed 106688K, reserved 557056K
  class space    used 14696K, committed 15296K, reserved 425984K
}
Event: 96.984 GC heap before
{Heap before GC invocations=82 (full 0):
 garbage-first heap   total 239616K, used 220229K [0x0000000080000000, 0x0000000100000000)
  region size 1024K, 11 young (11264K), 2 survivors (2048K)
 Metaspace       used 105385K, committed 106752K, reserved 557056K
  class space    used 14696K, committed 15296K, reserved 425984K
}
Event: 96.992 GC heap after
{Heap after GC invocations=83 (full 0):
 garbage-first heap   total 239616K, used 211809K [0x0000000080000000, 0x0000000100000000)
  region size 1024K, 2 young (2048K), 2 survivors (2048K)
 Metaspace       used 105385K, committed 106752K, reserved 557056K
  class space    used 14696K, committed 15296K, reserved 425984K
}

